2022-09-02T20:22:29.002Z I "the monkey has been patched"
2022-09-02T20:22:29.205Z I "version:  ","3.98.24"
2022-09-02T20:22:29.219Z I "resolving key...","tutanota-vault"
2022-09-02T20:22:29.220Z I "config up to date"
2022-09-02T20:22:29.235Z I "[DesktopWindowManager]","try executing with url:","file:///opt/tutanota-desktop/resources/app.asar/polyfill.js"
2022-09-02T20:22:29.271Z I "scheduling to check sse in",1,"seconds"
2022-09-02T20:22:30.275Z I "last missed notification check:",{"lastMissedNotificationCheckTime":1662057622825}
2022-09-02T20:22:30.275Z I "scheduling to check sse in",17,"seconds"
2022-09-02T20:22:30.275Z I "starting sse connection"
2022-09-02T20:22:30.339Z I "lookup sse request"
2022-09-02T20:22:30.389Z I "[DesktopWindowManager]","execution succeeded in origin:","file://"
2022-09-02T20:22:30.389Z I "[DesktopWindowManager]","closing window for file://"
2022-09-02T20:22:30.390Z I "[DesktopWindowManager]","no old local storage to migrate"
2022-09-02T20:22:30.391Z I "[ApplicationWindow]","webAssetsPath: ","/opt/tutanota-desktop/resources/app.asar"
2022-09-02T20:22:30.399Z I "[ApplicationWindow]","getting dictionaries from:","https://mail.tutanota.com/desktop//dictionaries/"
2022-09-02T20:22:30.448Z I "default mailto handler:",true
2022-09-02T20:22:30.449Z I "Webapp ready"
2022-09-02T20:22:30.450Z I "no update info on disk, disabling updater."
2022-09-02T20:22:30.455Z I "/home/ruby/.local/share/applications/tutanota-desktop.desktop does not exist, checking for permission to ask for permission..."
2022-09-02T20:22:30.652Z I "resolving key...","tutanota-credentials"
2022-09-02T20:22:31.175Z I "established SSE connection with code",200
2022-09-02T20:22:31.176Z I "received new timeout:","heartbeatTimeout:240"
2022-09-02T20:22:31.176Z I "scheduling to check sse in",288,"seconds"
2022-09-02T20:22:31.176Z I "sse heartbeat",240
2022-09-02T20:22:31.176Z I "scheduling to check sse in",288,"seconds"
2022-09-02T20:22:31.202Z I "sse heartbeat",240
2022-09-02T20:22:31.202Z I "scheduling to check sse in",288,"seconds"
2022-09-02T20:22:31.203Z I "downloading missed notification"
2022-09-02T20:22:31.205Z I "lookup"
2022-09-02T20:22:32.027Z I "missed notification response",200
2022-09-02T20:22:32.028Z I "dl missed notification response closed"
2022-09-02T20:22:32.028Z I "MissedNotification is empty"
2022-09-02T20:22:32.028Z I "scheduling to check sse in",288,"seconds"
2022-09-02T20:22:32.209Z I "storing push identifier"
2022-09-02T20:24:14.134Z I "sse heartbeat",240
2022-09-02T20:24:14.134Z I "scheduling to check sse in",288,"seconds"
2022-09-02T20:24:14.134Z I "downloading missed notification"
2022-09-02T20:24:14.136Z I "lookup"
2022-09-02T20:24:14.542Z I "missed notification response",200
2022-09-02T20:24:14.542Z I "dl missed notification response closed"
2022-09-02T20:24:14.543Z I "scheduling to check sse in",288,"seconds"
2022-09-02T20:24:30.120Z I "sse heartbeat",240
2022-09-02T20:24:30.120Z I "scheduling to check sse in",288,"seconds"
2022-09-02T20:24:30.120Z I "downloading missed notification"
2022-09-02T20:24:35.127Z I "lookup"
2022-09-02T20:24:35.540Z I "missed notification response",200
2022-09-02T20:24:35.540Z I "dl missed notification response closed"
2022-09-02T20:24:35.552Z I "scheduling to check sse in",288,"seconds"
2022-09-02T20:25:24.422Z I "[ApplicationWindow]","closing offline db for N8W1fYU--3-2"
2022-09-02T20:26:31.179Z I "sse heartbeat",240
2022-09-02T20:26:31.179Z I "scheduling to check sse in",288,"seconds"
2022-09-02T20:30:31.179Z I "sse heartbeat",240
2022-09-02T20:30:31.179Z I "scheduling to check sse in",288,"seconds"
2022-09-02T20:34:31.180Z I "sse heartbeat",240
2022-09-02T20:34:31.180Z I "scheduling to check sse in",288,"seconds"
2022-09-02T20:38:31.181Z I "sse heartbeat",240
2022-09-02T20:38:31.181Z I "scheduling to check sse in",288,"seconds"
2022-09-02T20:42:31.182Z I "sse heartbeat",240
2022-09-02T20:42:31.182Z I "scheduling to check sse in",288,"seconds"
2022-09-02T20:46:31.183Z I "sse heartbeat",240
2022-09-02T20:46:31.183Z I "scheduling to check sse in",288,"seconds"
2022-09-02T20:50:31.183Z I "sse heartbeat",240
2022-09-02T20:50:31.183Z I "scheduling to check sse in",288,"seconds"
2022-09-02T20:54:31.183Z I "sse heartbeat",240
2022-09-02T20:54:31.183Z I "scheduling to check sse in",288,"seconds"
2022-09-02T20:58:11.932Z I "sse heartbeat",240
2022-09-02T20:58:11.932Z I "scheduling to check sse in",288,"seconds"
2022-09-02T20:58:11.932Z I "downloading missed notification"
2022-09-02T20:58:11.961Z I "lookup"
2022-09-02T20:58:12.364Z I "missed notification response",200
2022-09-02T20:58:12.364Z I "dl missed notification response closed"
2022-09-02T20:58:12.378Z I "scheduling to check sse in",288,"seconds"
2022-09-02T20:58:31.185Z I "sse heartbeat",240
2022-09-02T20:58:31.185Z I "scheduling to check sse in",288,"seconds"
2022-09-02T21:02:31.184Z I "sse heartbeat",240
2022-09-02T21:02:31.184Z I "scheduling to check sse in",288,"seconds"
2022-09-02T21:04:49.413Z I "sse heartbeat",240
2022-09-02T21:04:49.413Z I "scheduling to check sse in",288,"seconds"
2022-09-02T21:04:49.413Z I "downloading missed notification"
2022-09-02T21:04:54.418Z I "lookup"
2022-09-02T21:04:54.817Z I "missed notification response",200
2022-09-02T21:04:54.817Z I "dl missed notification response closed"
2022-09-02T21:04:54.834Z I "scheduling to check sse in",288,"seconds"
2022-09-02T21:06:31.185Z I "sse heartbeat",240
2022-09-02T21:06:31.185Z I "scheduling to check sse in",288,"seconds"
2022-09-02T21:10:31.186Z I "sse heartbeat",240
2022-09-02T21:10:31.186Z I "scheduling to check sse in",288,"seconds"
2022-09-02T21:14:31.186Z I "sse heartbeat",240
2022-09-02T21:14:31.186Z I "scheduling to check sse in",288,"seconds"
2022-09-02T21:18:31.186Z I "sse heartbeat",240
2022-09-02T21:18:31.186Z I "scheduling to check sse in",288,"seconds"
2022-09-02T21:22:31.187Z I "sse heartbeat",240
2022-09-02T21:22:31.187Z I "scheduling to check sse in",288,"seconds"