    OpenRGB v0.7
    Commit: 6128731df697e116d04ea2644c46c268a5cd3448 from 2021-12-30 00:45:07 -0600
    Launched: 20220905_090930
====================================================================================================

0     |Info:    Found file: yup.orp attempting to validate header
0     |Info:    Valid v3 profile found for yup
1003  |Info:    ------------------------------------------------------
1003  |Info:    |               Start device detection               |
1003  |Info:    ------------------------------------------------------
1003  |Info:    Initializing HID interfaces: Success
1008  |Info:    ------------------------------------------------------
1008  |Info:    |             Detecting I2C interfaces               |
1008  |Info:    ------------------------------------------------------
1008  |Info:    Registering I2C interface: /dev/i2c-3 Device 1022:790B Subsystem: 17AA:384C
1008  |Info:    Registering I2C interface: /dev/i2c-6 Device 1002:1638 Subsystem: 17AA:3A5D
1009  |Info:    Registering I2C interface: /dev/i2c-4 Device 10DE:25A2 Subsystem: 17AA:3A5D
1009  |Info:    Registering I2C interface: /dev/i2c-0 Device 0000:0000 Subsystem: 0000:0000
1009  |Info:    Registering I2C interface: /dev/i2c-5 Device 1002:1638 Subsystem: 17AA:3A5D
1009  |Info:    ------------------------------------------------------
1009  |Info:    |               Detecting I2C devices                |
1009  |Info:    ------------------------------------------------------
1052  |Info:    Loading plugins
1224  |Info:    ------------------------------------------------------
1224  |Info:    |               Detecting HID devices                |
1224  |Info:    ------------------------------------------------------
1224  |Info:    [EVision Keyboard] Registering RGB controller
1224  |Info:    ------------------------------------------------------
1224  |Info:    |              Detecting other devices               |
1224  |Info:    ------------------------------------------------------
1228  |Info:    ------------------------------------------------------
1228  |Info:    |                Detection completed                 |
1228  |Info:    ------------------------------------------------------
1228  |Dialog:  <h2>WARNING:</h2><p>One or more I2C/SMBus interfaces failed to initialize.</p><p>RGB DRAM modules and some motherboards' onboard RGB lighting will not be available without I2C/SMBus.</p><p>On Linux, this is usually because the i2c-dev module is not loaded.  You must load the i2c-dev module along with the correct i2c driver for your motherboard.  This is usually i2c-piix4 for AMD systems and i2c-i801 for Intel systems.</p><p>See <a href='https://help.openrgb.org/'>help.openrgb.org</a> for additional troubleshooting steps if you keep seeing this message.<br></p>
85448 |Info:    ------------------------------------------------------
85448 |Info:    |               Start device detection               |
85448 |Info:    ------------------------------------------------------
85448 |Info:    Initializing HID interfaces: Success
85452 |Info:    ------------------------------------------------------
85452 |Info:    |             Detecting I2C interfaces               |
85452 |Info:    ------------------------------------------------------
85452 |Info:    Registering I2C interface: /dev/i2c-3 Device 1022:790B Subsystem: 17AA:384C
85452 |Info:    Registering I2C interface: /dev/i2c-6 Device 1002:1638 Subsystem: 17AA:3A5D
85452 |Info:    Registering I2C interface: /dev/i2c-4 Device 10DE:25A2 Subsystem: 17AA:3A5D
85452 |Info:    Registering I2C interface: /dev/i2c-0 Device 0000:0000 Subsystem: 0000:0000
85453 |Info:    Registering I2C interface: /dev/i2c-5 Device 1002:1638 Subsystem: 17AA:3A5D
85453 |Info:    ------------------------------------------------------
85453 |Info:    |               Detecting I2C devices                |
85453 |Info:    ------------------------------------------------------
85655 |Info:    ------------------------------------------------------
85655 |Info:    |               Detecting HID devices                |
85655 |Info:    ------------------------------------------------------
85656 |Info:    [EVision Keyboard] Registering RGB controller
85656 |Info:    ------------------------------------------------------
85656 |Info:    |              Detecting other devices               |
85656 |Info:    ------------------------------------------------------
85658 |Info:    ------------------------------------------------------
85658 |Info:    |                Detection completed                 |
85658 |Info:    ------------------------------------------------------
85658 |Dialog:  <h2>WARNING:</h2><p>One or more I2C/SMBus interfaces failed to initialize.</p><p>RGB DRAM modules and some motherboards' onboard RGB lighting will not be available without I2C/SMBus.</p><p>On Linux, this is usually because the i2c-dev module is not loaded.  You must load the i2c-dev module along with the correct i2c driver for your motherboard.  This is usually i2c-piix4 for AMD systems and i2c-i801 for Intel systems.</p><p>See <a href='https://help.openrgb.org/'>help.openrgb.org</a> for additional troubleshooting steps if you keep seeing this message.<br></p>
281849|Info:    Found file: yup.orp attempting to validate header
281849|Info:    Valid v3 profile found for yup
